0 info it worked if it ends with ok
1 verbose cli [ '/usr/local/Cellar/node/4.1.1/bin/node',
1 verbose cli   '/usr/local/bin/npm',
1 verbose cli   'install' ]
2 info using npm@2.14.4
3 info using node@v4.1.1
4 verbose readDependencies loading dependencies from /Users/billyhunt/Dev/osf.io/package.json
5 warn package.json OSF@0.0.0 No license field.
6 verbose install where, deps [ '/Users/billyhunt/Dev/osf.io',
6 verbose install   [ 'URIjs',
6 verbose install     'assets-webpack-plugin',
6 verbose install     'async',
6 verbose install     'babel-loader',
6 verbose install     'body-parser',
6 verbose install     'bootbox',
6 verbose install     'bower',
6 verbose install     'c3',
6 verbose install     'css-loader',
6 verbose install     'diff',
6 verbose install     'dropzone',
6 verbose install     'exports-loader',
6 verbose install     'express',
6 verbose install     'file-loader',
6 verbose install     'font-awesome-webpack',
6 verbose install     'gsap',
6 verbose install     'highlight.js',
6 verbose install     'historyjs',
6 verbose install     'html-loader',
6 verbose install     'imports-loader',
6 verbose install     'jquery.cookie',
6 verbose install     'json-loader',
6 verbose install     'jstimezonedetect',
6 verbose install     'knockout',
6 verbose install     'knockout.punches',
6 verbose install     'knockout.validation',
6 verbose install     'list-of-licenses',
6 verbose install     'livedb',
6 verbose install     'livedb-mongo',
6 verbose install     'markdown-it',
6 verbose install     'markdown-it-ins-del',
6 verbose install     'markdown-it-sanitizer',
6 verbose install     'markdown-it-toc',
6 verbose install     'markdown-it-video',
6 verbose install     'mime-types',
6 verbose install     'mithril',
6 verbose install     'moment',
6 verbose install     'morgan',
6 verbose install     'object-assign',
6 verbose install     'pikaday',
6 verbose install     'pretty-data',
6 verbose install     'pym.js',
6 verbose install     'raven',
6 verbose install     'raw-loader',
6 verbose install     'share',
6 verbose install     'style-loader',
6 verbose install     'treebeard',
6 verbose install     'typeahead.js',
6 verbose install     'url-loader',
6 verbose install     'webpack',
6 verbose install     'ws',
6 verbose install     'chai',
6 verbose install     'faker',
6 verbose install     'jshint',
6 verbose install     'karma',
6 verbose install     'karma-chrome-launcher',
6 verbose install     'karma-firefox-launcher',
6 verbose install     'karma-mocha',
6 verbose install     'karma-phantomjs-launcher',
6 verbose install     'karma-sauce-launcher',
6 verbose install     'karma-sinon',
6 verbose install     'karma-sourcemap-loader',
6 verbose install     'karma-spec-reporter',
6 verbose install     'karma-webpack',
6 verbose install     'mocha' ] ]
7 verbose install where, peers [ '/Users/billyhunt/Dev/osf.io', [] ]
8 verbose installManyTop reading for lifecycle /Users/billyhunt/Dev/osf.io/package.json
9 info preinstall OSF@0.0.0
10 verbose installManyTop reading scoped package data from /Users/billyhunt/Dev/osf.io/node_modules/URIjs/package.json
11 verbose installManyTop reading scoped package data from /Users/billyhunt/Dev/osf.io/node_modules/assets-webpack-plugin/package.json
12 verbose installManyTop reading scoped package data from /Users/billyhunt/Dev/osf.io/node_modules/async/package.json
13 verbose installManyTop reading scoped package data from /Users/billyhunt/Dev/osf.io/node_modules/babel-core/package.json
14 verbose installManyTop reading scoped package data from /Users/billyhunt/Dev/osf.io/node_modules/babel-loader/package.json
15 verbose installManyTop reading scoped package data from /Users/billyhunt/Dev/osf.io/node_modules/body-parser/package.json
16 verbose installManyTop reading scoped package data from /Users/billyhunt/Dev/osf.io/node_modules/bootbox/package.json
17 verbose installManyTop reading scoped package data from /Users/billyhunt/Dev/osf.io/node_modules/bower/package.json
18 verbose installManyTop reading scoped package data from /Users/billyhunt/Dev/osf.io/node_modules/c3/package.json
19 verbose installManyTop reading scoped package data from /Users/billyhunt/Dev/osf.io/node_modules/chai/package.json
20 verbose installManyTop reading scoped package data from /Users/billyhunt/Dev/osf.io/node_modules/css-loader/package.json
21 verbose installManyTop reading scoped package data from /Users/billyhunt/Dev/osf.io/node_modules/diff/package.json
22 verbose installManyTop reading scoped package data from /Users/billyhunt/Dev/osf.io/node_modules/dropzone/package.json
23 verbose installManyTop reading scoped package data from /Users/billyhunt/Dev/osf.io/node_modules/exif-js/package.json
24 verbose installManyTop reading scoped package data from /Users/billyhunt/Dev/osf.io/node_modules/exports-loader/package.json
25 verbose installManyTop reading scoped package data from /Users/billyhunt/Dev/osf.io/node_modules/express/package.json
26 verbose installManyTop reading scoped package data from /Users/billyhunt/Dev/osf.io/node_modules/faker/package.json
27 verbose installManyTop reading scoped package data from /Users/billyhunt/Dev/osf.io/node_modules/file-loader/package.json
28 verbose installManyTop reading scoped package data from /Users/billyhunt/Dev/osf.io/node_modules/font-awesome/package.json
29 verbose installManyTop reading scoped package data from /Users/billyhunt/Dev/osf.io/node_modules/font-awesome-webpack/package.json
30 verbose installManyTop reading scoped package data from /Users/billyhunt/Dev/osf.io/node_modules/gsap/package.json
31 verbose installManyTop reading scoped package data from /Users/billyhunt/Dev/osf.io/node_modules/highlight.js/package.json
32 verbose installManyTop reading scoped package data from /Users/billyhunt/Dev/osf.io/node_modules/historyjs/package.json
33 verbose installManyTop reading scoped package data from /Users/billyhunt/Dev/osf.io/node_modules/html-loader/package.json
34 verbose installManyTop reading scoped package data from /Users/billyhunt/Dev/osf.io/node_modules/imports-loader/package.json
35 verbose installManyTop reading scoped package data from /Users/billyhunt/Dev/osf.io/node_modules/jquery.cookie/package.json
36 verbose installManyTop reading scoped package data from /Users/billyhunt/Dev/osf.io/node_modules/jshint/package.json
37 verbose installManyTop reading scoped package data from /Users/billyhunt/Dev/osf.io/node_modules/json-loader/package.json
38 verbose installManyTop reading scoped package data from /Users/billyhunt/Dev/osf.io/node_modules/jstimezonedetect/package.json
39 verbose installManyTop reading scoped package data from /Users/billyhunt/Dev/osf.io/node_modules/karma/package.json
40 verbose installManyTop reading scoped package data from /Users/billyhunt/Dev/osf.io/node_modules/karma-chrome-launcher/package.json
41 verbose installManyTop reading scoped package data from /Users/billyhunt/Dev/osf.io/node_modules/karma-firefox-launcher/package.json
42 verbose installManyTop reading scoped package data from /Users/billyhunt/Dev/osf.io/node_modules/karma-mocha/package.json
43 verbose installManyTop reading scoped package data from /Users/billyhunt/Dev/osf.io/node_modules/karma-phantomjs-launcher/package.json
44 verbose installManyTop reading scoped package data from /Users/billyhunt/Dev/osf.io/node_modules/karma-sauce-launcher/package.json
45 verbose installManyTop reading scoped package data from /Users/billyhunt/Dev/osf.io/node_modules/karma-sinon/package.json
46 verbose installManyTop reading scoped package data from /Users/billyhunt/Dev/osf.io/node_modules/karma-sourcemap-loader/package.json
47 verbose installManyTop reading scoped package data from /Users/billyhunt/Dev/osf.io/node_modules/karma-spec-reporter/package.json
48 verbose installManyTop reading scoped package data from /Users/billyhunt/Dev/osf.io/node_modules/karma-webpack/package.json
49 verbose installManyTop reading scoped package data from /Users/billyhunt/Dev/osf.io/node_modules/knockout/package.json
50 verbose installManyTop reading scoped package data from /Users/billyhunt/Dev/osf.io/node_modules/knockout.punches/package.json
51 verbose installManyTop reading scoped package data from /Users/billyhunt/Dev/osf.io/node_modules/knockout.validation/package.json
52 verbose installManyTop reading scoped package data from /Users/billyhunt/Dev/osf.io/node_modules/list-of-licenses/package.json
53 verbose installManyTop reading scoped package data from /Users/billyhunt/Dev/osf.io/node_modules/livedb/package.json
54 verbose installManyTop reading scoped package data from /Users/billyhunt/Dev/osf.io/node_modules/livedb-mongo/package.json
55 verbose installManyTop reading scoped package data from /Users/billyhunt/Dev/osf.io/node_modules/markdown-it/package.json
56 verbose installManyTop reading scoped package data from /Users/billyhunt/Dev/osf.io/node_modules/markdown-it-ins-del/package.json
57 verbose installManyTop reading scoped package data from /Users/billyhunt/Dev/osf.io/node_modules/markdown-it-sanitizer/package.json
58 verbose installManyTop reading scoped package data from /Users/billyhunt/Dev/osf.io/node_modules/markdown-it-toc/package.json
59 verbose installManyTop reading scoped package data from /Users/billyhunt/Dev/osf.io/node_modules/markdown-it-video/package.json
60 verbose installManyTop reading scoped package data from /Users/billyhunt/Dev/osf.io/node_modules/mime-types/package.json
61 verbose installManyTop reading scoped package data from /Users/billyhunt/Dev/osf.io/node_modules/mithril/package.json
62 verbose installManyTop reading scoped package data from /Users/billyhunt/Dev/osf.io/node_modules/mocha/package.json
63 verbose installManyTop reading scoped package data from /Users/billyhunt/Dev/osf.io/node_modules/moment/package.json
64 verbose installManyTop reading scoped package data from /Users/billyhunt/Dev/osf.io/node_modules/morgan/package.json
65 verbose installManyTop reading scoped package data from /Users/billyhunt/Dev/osf.io/node_modules/object-assign/package.json
66 verbose installManyTop reading scoped package data from /Users/billyhunt/Dev/osf.io/node_modules/pikaday/package.json
67 verbose installManyTop reading scoped package data from /Users/billyhunt/Dev/osf.io/node_modules/pretty-data/package.json
68 verbose installManyTop reading scoped package data from /Users/billyhunt/Dev/osf.io/node_modules/pym.js/package.json
69 verbose installManyTop reading scoped package data from /Users/billyhunt/Dev/osf.io/node_modules/raven/package.json
70 verbose installManyTop reading scoped package data from /Users/billyhunt/Dev/osf.io/node_modules/raw-loader/package.json
71 verbose installManyTop reading scoped package data from /Users/billyhunt/Dev/osf.io/node_modules/share/package.json
72 verbose installManyTop reading scoped package data from /Users/billyhunt/Dev/osf.io/node_modules/sinon/package.json
73 verbose installManyTop reading scoped package data from /Users/billyhunt/Dev/osf.io/node_modules/style-loader/package.json
74 verbose installManyTop reading scoped package data from /Users/billyhunt/Dev/osf.io/node_modules/treebeard/package.json
75 verbose installManyTop reading scoped package data from /Users/billyhunt/Dev/osf.io/node_modules/typeahead.js/package.json
76 verbose installManyTop reading scoped package data from /Users/billyhunt/Dev/osf.io/node_modules/url-loader/package.json
77 verbose installManyTop reading scoped package data from /Users/billyhunt/Dev/osf.io/node_modules/webpack/package.json
78 verbose installManyTop reading scoped package data from /Users/billyhunt/Dev/osf.io/node_modules/ws/package.json
79 info package.json URIjs@1.14.2 No license field.
80 info package.json async@0.9.0 No license field.
81 info package.json bower@1.3.12 No license field.
82 info package.json css-loader@0.9.1 No license field.
83 info package.json exports-loader@0.6.2 No license field.
84 info package.json file-loader@0.8.1 No license field.
85 info package.json highlight.js@8.4.0 No license field.
86 info package.json historyjs@1.8.0-b2 No license field.
87 info package.json dropzone@4.0.0 No license field.
88 info package.json html-loader@0.2.3 No license field.
89 info package.json imports-loader@0.6.3 No license field.
90 info package.json karma-chrome-launcher@0.1.7 No README data
91 info package.json karma-firefox-launcher@0.1.4 No README data
92 info package.json karma-mocha@0.1.10 No README data
93 info package.json karma-phantomjs-launcher@0.1.4 No README data
94 info package.json karma-sauce-launcher@0.2.10 No README data
95 info package.json knockout.punches@0.5.1 No README data
96 info package.json diff@1.2.2 No license field.
97 info package.json moment@2.9.0 No license field.
98 info package.json raven@0.7.3 license should be a valid SPDX license expression
99 info package.json raw-loader@0.5.1 No license field.
100 info package.json treebeard@0.6.0 license should be a valid SPDX license expression
101 info package.json style-loader@0.8.3 No license field.
102 info package.json typeahead.js@0.10.5 No license field.
103 info package.json url-loader@0.5.5 No license field.
104 info package.json ws@0.4.32 No license field.
105 info package.json babel-core@4.7.12 No license field.
106 info package.json faker@2.1.2 No license field.
107 info package.json font-awesome@4.3.0 No license field.
108 info package.json gsap@1.17.0 No license field.
109 info package.json json-loader@0.5.1 No license field.
110 info package.json karma-sinon@1.0.4 No license field.
111 info package.json karma-webpack@1.5.0 No license field.
112 info package.json mithril@0.2.0 No license field.
113 info package.json mocha@2.2.1 No license field.
114 info package.json pretty-data@0.40.0 Invalid filename in 'files' list:
115 info package.json pikaday@1.3.2 No license field.
116 info package.json sinon@1.14.0 No license field.
117 info package.json webpack@1.7.3 No license field.
118 info package.json share@0.7.27 No license field.
119 verbose readDependencies loading dependencies from /Users/billyhunt/Dev/osf.io/package.json
120 verbose targetResolver reading package data from /Users/billyhunt/Dev/osf.io/node_modules/URIjs/package.json
121 verbose targetResolver reading package data from /Users/billyhunt/Dev/osf.io/node_modules/assets-webpack-plugin/package.json
122 verbose targetResolver reading package data from /Users/billyhunt/Dev/osf.io/node_modules/async/package.json
123 verbose targetResolver reading package data from /Users/billyhunt/Dev/osf.io/node_modules/babel-core/package.json
124 verbose targetResolver reading package data from /Users/billyhunt/Dev/osf.io/node_modules/babel-loader/package.json
125 verbose targetResolver reading package data from /Users/billyhunt/Dev/osf.io/node_modules/body-parser/package.json
126 verbose targetResolver reading package data from /Users/billyhunt/Dev/osf.io/node_modules/bootbox/package.json
127 verbose targetResolver reading package data from /Users/billyhunt/Dev/osf.io/node_modules/bower/package.json
128 verbose targetResolver reading package data from /Users/billyhunt/Dev/osf.io/node_modules/c3/package.json
129 verbose targetResolver reading package data from /Users/billyhunt/Dev/osf.io/node_modules/chai/package.json
130 verbose targetResolver reading package data from /Users/billyhunt/Dev/osf.io/node_modules/css-loader/package.json
131 verbose targetResolver reading package data from /Users/billyhunt/Dev/osf.io/node_modules/diff/package.json
132 verbose targetResolver reading package data from /Users/billyhunt/Dev/osf.io/node_modules/dropzone/package.json
133 verbose targetResolver reading package data from /Users/billyhunt/Dev/osf.io/node_modules/exif-js/package.json
134 verbose targetResolver reading package data from /Users/billyhunt/Dev/osf.io/node_modules/exports-loader/package.json
135 verbose targetResolver reading package data from /Users/billyhunt/Dev/osf.io/node_modules/express/package.json
136 verbose targetResolver reading package data from /Users/billyhunt/Dev/osf.io/node_modules/faker/package.json
137 verbose targetResolver reading package data from /Users/billyhunt/Dev/osf.io/node_modules/file-loader/package.json
138 verbose targetResolver reading package data from /Users/billyhunt/Dev/osf.io/node_modules/font-awesome/package.json
139 verbose targetResolver reading package data from /Users/billyhunt/Dev/osf.io/node_modules/font-awesome-webpack/package.json
140 verbose targetResolver reading package data from /Users/billyhunt/Dev/osf.io/node_modules/gsap/package.json
141 verbose targetResolver reading package data from /Users/billyhunt/Dev/osf.io/node_modules/highlight.js/package.json
142 verbose targetResolver reading package data from /Users/billyhunt/Dev/osf.io/node_modules/historyjs/package.json
143 verbose targetResolver reading package data from /Users/billyhunt/Dev/osf.io/node_modules/html-loader/package.json
144 verbose targetResolver reading package data from /Users/billyhunt/Dev/osf.io/node_modules/imports-loader/package.json
145 verbose targetResolver reading package data from /Users/billyhunt/Dev/osf.io/node_modules/jquery.cookie/package.json
146 verbose targetResolver reading package data from /Users/billyhunt/Dev/osf.io/node_modules/jshint/package.json
147 verbose targetResolver reading package data from /Users/billyhunt/Dev/osf.io/node_modules/json-loader/package.json
148 verbose targetResolver reading package data from /Users/billyhunt/Dev/osf.io/node_modules/jstimezonedetect/package.json
149 verbose targetResolver reading package data from /Users/billyhunt/Dev/osf.io/node_modules/karma/package.json
150 verbose targetResolver reading package data from /Users/billyhunt/Dev/osf.io/node_modules/karma-chrome-launcher/package.json
151 verbose targetResolver reading package data from /Users/billyhunt/Dev/osf.io/node_modules/karma-firefox-launcher/package.json
152 verbose targetResolver reading package data from /Users/billyhunt/Dev/osf.io/node_modules/karma-mocha/package.json
153 verbose targetResolver reading package data from /Users/billyhunt/Dev/osf.io/node_modules/karma-phantomjs-launcher/package.json
154 verbose targetResolver reading package data from /Users/billyhunt/Dev/osf.io/node_modules/karma-sauce-launcher/package.json
155 verbose targetResolver reading package data from /Users/billyhunt/Dev/osf.io/node_modules/karma-sinon/package.json
156 verbose targetResolver reading package data from /Users/billyhunt/Dev/osf.io/node_modules/karma-sourcemap-loader/package.json
157 verbose targetResolver reading package data from /Users/billyhunt/Dev/osf.io/node_modules/karma-spec-reporter/package.json
158 verbose targetResolver reading package data from /Users/billyhunt/Dev/osf.io/node_modules/karma-webpack/package.json
159 verbose targetResolver reading package data from /Users/billyhunt/Dev/osf.io/node_modules/knockout/package.json
160 verbose targetResolver reading package data from /Users/billyhunt/Dev/osf.io/node_modules/knockout.punches/package.json
161 verbose targetResolver reading package data from /Users/billyhunt/Dev/osf.io/node_modules/knockout.validation/package.json
162 verbose targetResolver reading package data from /Users/billyhunt/Dev/osf.io/node_modules/list-of-licenses/package.json
163 verbose targetResolver reading package data from /Users/billyhunt/Dev/osf.io/node_modules/livedb/package.json
164 verbose targetResolver reading package data from /Users/billyhunt/Dev/osf.io/node_modules/livedb-mongo/package.json
165 verbose targetResolver reading package data from /Users/billyhunt/Dev/osf.io/node_modules/markdown-it/package.json
166 verbose targetResolver reading package data from /Users/billyhunt/Dev/osf.io/node_modules/markdown-it-ins-del/package.json
167 verbose targetResolver reading package data from /Users/billyhunt/Dev/osf.io/node_modules/markdown-it-sanitizer/package.json
168 verbose targetResolver reading package data from /Users/billyhunt/Dev/osf.io/node_modules/markdown-it-toc/package.json
169 verbose targetResolver reading package data from /Users/billyhunt/Dev/osf.io/node_modules/markdown-it-video/package.json
170 verbose targetResolver reading package data from /Users/billyhunt/Dev/osf.io/node_modules/mime-types/package.json
171 verbose targetResolver reading package data from /Users/billyhunt/Dev/osf.io/node_modules/mithril/package.json
172 verbose targetResolver reading package data from /Users/billyhunt/Dev/osf.io/node_modules/mocha/package.json
173 verbose targetResolver reading package data from /Users/billyhunt/Dev/osf.io/node_modules/moment/package.json
174 verbose targetResolver reading package data from /Users/billyhunt/Dev/osf.io/node_modules/morgan/package.json
175 verbose targetResolver reading package data from /Users/billyhunt/Dev/osf.io/node_modules/object-assign/package.json
176 verbose targetResolver reading package data from /Users/billyhunt/Dev/osf.io/node_modules/pikaday/package.json
177 verbose targetResolver reading package data from /Users/billyhunt/Dev/osf.io/node_modules/pretty-data/package.json
178 verbose targetResolver reading package data from /Users/billyhunt/Dev/osf.io/node_modules/pym.js/package.json
179 verbose targetResolver reading package data from /Users/billyhunt/Dev/osf.io/node_modules/raven/package.json
180 verbose targetResolver reading package data from /Users/billyhunt/Dev/osf.io/node_modules/raw-loader/package.json
181 verbose targetResolver reading package data from /Users/billyhunt/Dev/osf.io/node_modules/share/package.json
182 verbose targetResolver reading package data from /Users/billyhunt/Dev/osf.io/node_modules/sinon/package.json
183 verbose targetResolver reading package data from /Users/billyhunt/Dev/osf.io/node_modules/style-loader/package.json
184 verbose targetResolver reading package data from /Users/billyhunt/Dev/osf.io/node_modules/treebeard/package.json
185 verbose targetResolver reading package data from /Users/billyhunt/Dev/osf.io/node_modules/typeahead.js/package.json
186 verbose targetResolver reading package data from /Users/billyhunt/Dev/osf.io/node_modules/url-loader/package.json
187 verbose targetResolver reading package data from /Users/billyhunt/Dev/osf.io/node_modules/webpack/package.json
188 verbose targetResolver reading package data from /Users/billyhunt/Dev/osf.io/node_modules/ws/package.json
189 verbose targetResolver reading package data from /Users/billyhunt/Dev/osf.io/node_modules/.bin/bower/package.json
190 verbose targetResolver reading package data from /Users/billyhunt/Dev/osf.io/node_modules/.bin/jshint/package.json
191 verbose targetResolver reading package data from /Users/billyhunt/Dev/osf.io/node_modules/.bin/markdown-it/package.json
192 verbose targetResolver reading package data from /Users/billyhunt/Dev/osf.io/node_modules/.bin/mocha/package.json
193 verbose targetResolver reading package data from /Users/billyhunt/Dev/osf.io/node_modules/.bin/raven/package.json
194 verbose targetResolver reading package data from /Users/billyhunt/Dev/osf.io/node_modules/.bin/webpack/package.json
195 verbose targetResolver reading package data from /Users/billyhunt/Dev/osf.io/node_modules/.bin/wscat/package.json
196 verbose already installed skipping markdown-it-sanitizer@~0.3.0 /Users/billyhunt/Dev/osf.io
197 verbose already installed skipping markdown-it-toc@~1.1.0 /Users/billyhunt/Dev/osf.io
198 verbose already installed skipping markdown-it-video@~0.2.1 /Users/billyhunt/Dev/osf.io
199 verbose already installed skipping mime-types@~2.0.12 /Users/billyhunt/Dev/osf.io
200 verbose already installed skipping mithril@^0.2 /Users/billyhunt/Dev/osf.io
201 verbose already installed skipping moment@^2.9.0 /Users/billyhunt/Dev/osf.io
202 verbose already installed skipping morgan@^1.5.1 /Users/billyhunt/Dev/osf.io
203 verbose already installed skipping object-assign@^2.0.0 /Users/billyhunt/Dev/osf.io
204 verbose already installed skipping pikaday@^1.3.2 /Users/billyhunt/Dev/osf.io
205 verbose already installed skipping pretty-data@^0.40.0 /Users/billyhunt/Dev/osf.io
206 verbose already installed skipping pym.js@^0.4.1 /Users/billyhunt/Dev/osf.io
207 verbose already installed skipping raven@^0.7.2 /Users/billyhunt/Dev/osf.io
208 verbose already installed skipping raw-loader@^0.5.1 /Users/billyhunt/Dev/osf.io
209 verbose already installed skipping share@0.7.27 /Users/billyhunt/Dev/osf.io
210 verbose already installed skipping style-loader@^0.8.3 /Users/billyhunt/Dev/osf.io
211 verbose already installed skipping treebeard@git://github.com/caneruguz/treebeard.git#9f1458a9f5961460dcd84c833b5da0180219f253 /Users/billyhunt/Dev/osf.io
212 verbose already installed skipping typeahead.js@^0.10.5 /Users/billyhunt/Dev/osf.io
213 verbose already installed skipping url-loader@^0.5.5 /Users/billyhunt/Dev/osf.io
214 verbose already installed skipping webpack@^1.7.2 /Users/billyhunt/Dev/osf.io
215 verbose already installed skipping ws@~0.4.32 /Users/billyhunt/Dev/osf.io
216 verbose already installed skipping chai@^2.1.1 /Users/billyhunt/Dev/osf.io
217 verbose already installed skipping faker@^2.1.2 /Users/billyhunt/Dev/osf.io
218 verbose already installed skipping jshint@2.8.0 /Users/billyhunt/Dev/osf.io
219 verbose already installed skipping karma@^0.12.31 /Users/billyhunt/Dev/osf.io
220 verbose already installed skipping karma-chrome-launcher@^0.1.7 /Users/billyhunt/Dev/osf.io
221 verbose already installed skipping karma-firefox-launcher@^0.1.4 /Users/billyhunt/Dev/osf.io
222 verbose already installed skipping karma-mocha@^0.1.10 /Users/billyhunt/Dev/osf.io
223 verbose already installed skipping karma-phantomjs-launcher@^0.1.4 /Users/billyhunt/Dev/osf.io
224 verbose already installed skipping karma-sauce-launcher@^0.2.10 /Users/billyhunt/Dev/osf.io
225 verbose already installed skipping karma-sinon@^1.0.4 /Users/billyhunt/Dev/osf.io
226 verbose already installed skipping karma-sourcemap-loader@^0.3.4 /Users/billyhunt/Dev/osf.io
227 verbose already installed skipping karma-spec-reporter@0.0.16 /Users/billyhunt/Dev/osf.io
228 verbose already installed skipping karma-webpack@~1.5.0 /Users/billyhunt/Dev/osf.io
229 verbose already installed skipping mocha@^2.1.0 /Users/billyhunt/Dev/osf.io
230 verbose already installed skipping URIjs@^1.14.1 /Users/billyhunt/Dev/osf.io
231 verbose already installed skipping assets-webpack-plugin@^0.1.0 /Users/billyhunt/Dev/osf.io
232 verbose already installed skipping async@^0.9.0 /Users/billyhunt/Dev/osf.io
233 verbose already installed skipping babel-loader@^4.1.0 /Users/billyhunt/Dev/osf.io
234 verbose already installed skipping body-parser@~1.12.0 /Users/billyhunt/Dev/osf.io
235 verbose already installed skipping bootbox@^4.4.0 /Users/billyhunt/Dev/osf.io
236 verbose already installed skipping bower@^1.3.12 /Users/billyhunt/Dev/osf.io
237 verbose already installed skipping c3@^0.4.10 /Users/billyhunt/Dev/osf.io
238 verbose already installed skipping css-loader@^0.9.1 /Users/billyhunt/Dev/osf.io
239 verbose already installed skipping diff@~1.2.2 /Users/billyhunt/Dev/osf.io
240 silly cache add args [ 'dropzone@git://github.com/sloria/dropzone.git#accept-directory',
240 silly cache add   null ]
241 verbose cache add spec dropzone@git://github.com/sloria/dropzone.git#accept-directory
242 verbose already installed skipping exports-loader@^0.6.2 /Users/billyhunt/Dev/osf.io
243 verbose already installed skipping express@~4.10.0 /Users/billyhunt/Dev/osf.io
244 silly cache add parsed spec Result {
244 silly cache add   raw: 'dropzone@git://github.com/sloria/dropzone.git#accept-directory',
244 silly cache add   scope: null,
244 silly cache add   name: 'dropzone',
244 silly cache add   rawSpec: 'git://github.com/sloria/dropzone.git#accept-directory',
244 silly cache add   spec: 'git://github.com/sloria/dropzone.git#accept-directory',
244 silly cache add   type: 'hosted',
244 silly cache add   hosted:
244 silly cache add    { type: 'github',
244 silly cache add      ssh: 'git@github.com:sloria/dropzone.git#accept-directory',
244 silly cache add      sshUrl: 'git+ssh://git@github.com/sloria/dropzone.git#accept-directory',
244 silly cache add      httpsUrl: 'git+https://github.com/sloria/dropzone.git#accept-directory',
244 silly cache add      gitUrl: 'git://github.com/sloria/dropzone.git#accept-directory',
244 silly cache add      shortcut: 'github:sloria/dropzone#accept-directory',
244 silly cache add      directUrl: 'https://raw.githubusercontent.com/sloria/dropzone/accept-directory/package.json' } }
245 verbose addRemoteGit caching git://github.com/sloria/dropzone.git#accept-directory
246 verbose addRemoteGit git://github.com/sloria/dropzone.git#accept-directory is a repository hosted by github
247 silly tryClone cloning git://github.com/sloria/dropzone.git#accept-directory via git://github.com/sloria/dropzone.git#accept-directory
248 verbose tryClone git-github-com-sloria-dropzone-git-6c768449 not in flight; caching
249 info git [ 'config', '--get', 'remote.origin.url' ]
250 silly validateExistingRemote git://github.com/sloria/dropzone.git#accept-directory remote.origin.url: git://github.com/sloria/dropzone.git
251 verbose validateExistingRemote git://github.com/sloria/dropzone.git#accept-directory is updating existing cached remote /Users/billyhunt/.npm/_git-remotes/git-github-com-sloria-dropzone-git-6c768449
252 info git [ 'fetch', '-a', 'origin' ]
253 verbose already installed skipping file-loader@^0.8.1 /Users/billyhunt/Dev/osf.io
254 verbose already installed skipping font-awesome-webpack@0.0.3 /Users/billyhunt/Dev/osf.io
255 verbose already installed skipping gsap@^1.17.0 /Users/billyhunt/Dev/osf.io
256 verbose already installed skipping highlight.js@~8.4.0 /Users/billyhunt/Dev/osf.io
257 verbose already installed skipping historyjs@^1.8.0-b2 /Users/billyhunt/Dev/osf.io
258 verbose already installed skipping html-loader@^0.2.3 /Users/billyhunt/Dev/osf.io
259 verbose already installed skipping imports-loader@^0.6.3 /Users/billyhunt/Dev/osf.io
260 verbose already installed skipping jquery.cookie@^1.4.1 /Users/billyhunt/Dev/osf.io
261 verbose already installed skipping json-loader@^0.5.1 /Users/billyhunt/Dev/osf.io
262 verbose already installed skipping jstimezonedetect@^1.0.5 /Users/billyhunt/Dev/osf.io
263 verbose already installed skipping knockout@~3.2.0 /Users/billyhunt/Dev/osf.io
264 error git fetch -a origin (git://github.com/sloria/dropzone.git) fatal: Unable to look up github.com (port 9418) (nodename nor servname provided, or not known)
265 verbose already installed skipping knockout.punches@^0.5.1 /Users/billyhunt/Dev/osf.io
266 verbose already installed skipping knockout.validation@^2.0.2 /Users/billyhunt/Dev/osf.io
267 verbose already installed skipping list-of-licenses@git://github.com/samchrisinger/list-of-licenses.git#6d1f220fa23fe4e572d70e30eb2c25ea6ec3efcf /Users/billyhunt/Dev/osf.io
268 verbose already installed skipping livedb@~0.4.8 /Users/billyhunt/Dev/osf.io
269 verbose already installed skipping livedb-mongo@~0.4.1 /Users/billyhunt/Dev/osf.io
270 verbose already installed skipping markdown-it@~4.1.0 /Users/billyhunt/Dev/osf.io
271 verbose already installed skipping markdown-it-ins-del@^0.1.1 /Users/billyhunt/Dev/osf.io
272 verbose stack Error: Command failed: git fetch -a origin
272 verbose stack fatal: Unable to look up github.com (port 9418) (nodename nor servname provided, or not known)
272 verbose stack
272 verbose stack     at ChildProcess.exithandler (child_process.js:203:12)
272 verbose stack     at emitTwo (events.js:87:13)
272 verbose stack     at ChildProcess.emit (events.js:172:7)
272 verbose stack     at maybeClose (internal/child_process.js:817:16)
272 verbose stack     at Socket.<anonymous> (internal/child_process.js:319:11)
272 verbose stack     at emitOne (events.js:77:13)
272 verbose stack     at Socket.emit (events.js:169:7)
272 verbose stack     at Pipe._onclose (net.js:469:12)
273 verbose cwd /Users/billyhunt/Dev/osf.io
274 error Darwin 14.5.0
275 error argv "/usr/local/Cellar/node/4.1.1/bin/node" "/usr/local/bin/npm" "install"
276 error node v4.1.1
277 error npm  v2.14.4
278 error code 128
279 error Command failed: git fetch -a origin
279 error fatal: Unable to look up github.com (port 9418) (nodename nor servname provided, or not known)
280 error If you need help, you may report this error at:
280 error     <https://github.com/npm/npm/issues>
281 verbose exit [ 1, true ]
